2021-12-03 19:02:45 - INFO - "GET / HTTP/1.1" 200 1219
2021-12-03 19:02:45 - INFO - "GET /static/style.css HTTP/1.1" 200 648
2021-12-03 19:17:26 - INFO - "GET /blogs HTTP/1.1" 200 412
2021-12-03 19:17:26 - INFO - "GET /blogs/1 HTTP/1.1" 200 135
2021-12-03 19:17:26 - INFO - "GET /blogs HTTP/1.1" 200 412
2021-12-03 19:19:12 - INFO - "POST /blogs HTTP/1.1" 200 126
2021-12-03 19:19:12 - INFO - "POST /blogs HTTP/1.1" 200 126
2021-12-03 19:19:12 - INFO - "PUT /blogs/5 HTTP/1.1" 200 124
2021-12-03 19:19:12 - INFO - "GET /blogs HTTP/1.1" 200 660
2021-12-03 19:19:12 - INFO - "GET /favicon.ico HTTP/1.1" 200 1739
2021-12-03 19:19:12 - INFO - "POST /blogs HTTP/1.1" 200 126
2021-12-03 19:23:49 - INFO - "POST /blogs HTTP/1.1" 200 142
2021-12-03 19:23:49 - INFO - "GET /blogs HTTP/1.1" 200 928
2021-12-03 19:23:49 - INFO - "GET /favicon.ico HTTP/1.1" 304 0
2021-12-03 19:23:49 - INFO - "POST /blogs HTTP/1.1" 200 135
2021-12-03 19:23:49 - INFO - "GET /blogs HTTP/1.1" 200 1065
2021-12-03 19:24:51 - INFO - "PUT /blogs/7 HTTP/1.1" 200 137
2021-12-03 19:24:51 - INFO - "GET /blogs HTTP/1.1" 200 1058
2021-12-03 19:25:14 - INFO - "DELETE /blogs/4 HTTP/1.1" 200 124
2021-12-03 19:25:14 - INFO - "GET /blogs HTTP/1.1" 200 934
2021-12-03 19:25:14 - INFO - "GET /favicon.ico HTTP/1.1" 304 0
2021-12-03 19:25:14 - INFO - "DELETE /blogs/5 HTTP/1.1" 200 124
2021-12-03 19:25:14 - INFO - "GET /blogs HTTP/1.1" 200 810
2021-12-03 19:25:41 - INFO - "DELETE /blogs/6 HTTP/1.1" 200 124
2021-12-03 19:25:41 - INFO - "GET /blogs HTTP/1.1" 200 686
